<?xml version="1.0" encoding="UTF-8"?>
<!-- Generated by org.testng.reporters.JUnitReportReporter -->
<testsuite skipped="0" hostname="DESKTOP-2TQFBEG" name="com.pss.dms.DMSRejectionFlow.ChangeDoctInitiate" tests="1" failures="0" timestamp="2022-03-18T17:17:44 IST" time="82.003" errors="0">
  <testcase name="toChangeDoctInitiate" time="82.003" classname="com.pss.dms.DMSRejectionFlow.ChangeDoctInitiate"/>
</testsuite> <!-- com.pss.dms.DMSRejectionFlow.ChangeDoctInitiate -->
