<?xml version="1.0" encoding="UTF-8"?>
<!-- Generated by org.testng.reporters.JUnitReportReporter -->
<testsuite skipped="0" hostname="DESKTOP-SKPPPFG" name="com.pss.dms.CCFWD.CustomerNotification" tests="1" failures="0" timestamp="2022-05-11T11:37:29 IST" time="90.768" errors="0">
  <testcase name="toCustomerNotification" time="90.768" classname="com.pss.dms.CCFWD.CustomerNotification"/>
</testsuite> <!-- com.pss.dms.CCFWD.CustomerNotification -->
