<?xml version="1.0" encoding="UTF-8"?>
<!-- Generated by org.testng.reporters.JUnitReportReporter -->
<testsuite skipped="0" hostname="DESKTOP-SKPPPFG" name="com.pss.dms.CCRejectionFlow.QAReviewAfterCFTReject" tests="2" failures="0" timestamp="2022-05-11T21:05:58 IST" time="281.906" errors="0">
  <testcase name="toQAReviewAfterCFTReject" time="141.039" classname="com.pss.dms.CCRejectionFlow.QAReviewAfterCFTReject"/>
  <testcase name="toQAReviewAfterCFTReject" time="140.867" classname="com.pss.dms.CCRejectionFlow.QAReviewAfterCFTReject"/>
</testsuite> <!-- com.pss.dms.CCRejectionFlow.QAReviewAfterCFTReject -->
