<?xml version="1.0" encoding="UTF-8"?>
<!-- Generated by org.testng.reporters.JUnitReportReporter -->
<testsuite skipped="0" hostname="DESKTOP-2TQFBEG" name="com.pss.dms.DMSFWD.ChangeQAApprover" tests="1" failures="0" timestamp="2022-03-18T19:55:00 IST" time="48.276" errors="0">
  <testcase name="toChangeQAApprover" time="48.276" classname="com.pss.dms.DMSFWD.ChangeQAApprover"/>
</testsuite> <!-- com.pss.dms.DMSFWD.ChangeQAApprover -->
