<?xml version="1.0" encoding="UTF-8"?>
<!-- Generated by org.testng.reporters.JUnitReportReporter -->
<testsuite skipped="0" hostname="DESKTOP-2TQFBEG" name="com.pss.dms.CCFWD.PostApprovalActionInitiateChangeDocument" tests="1" failures="0" timestamp="2022-03-18T11:55:01 IST" time="147.876" errors="0">
  <testcase name="toPostApprovalActionInitiateChangeDocument" time="147.876" classname="com.pss.dms.CCFWD.PostApprovalActionInitiateChangeDocument"/>
</testsuite> <!-- com.pss.dms.CCFWD.PostApprovalActionInitiateChangeDocument -->
