<?xml version="1.0" encoding="UTF-8"?>
<!-- Generated by org.testng.reporters.JUnitReportReporter -->
<testsuite skipped="0" hostname="DESKTOP-2TQFBEG" name="com.pss.dms.DMSRejectionFlow.ChangeDeptReviewerReject" tests="1" failures="0" timestamp="2022-03-18T17:17:45 IST" time="70.654" errors="0">
  <testcase name="toChangeDeptReviewerReject" time="70.654" classname="com.pss.dms.DMSRejectionFlow.ChangeDeptReviewerReject"/>
</testsuite> <!-- com.pss.dms.DMSRejectionFlow.ChangeDeptReviewerReject -->
