<?xml version="1.0" encoding="UTF-8"?>
<!-- Generated by org.testng.reporters.JUnitReportReporter -->
<testsuite skipped="0" hostname="DESKTOP-SKPPPFG" name="com.pss.dms.DMSRejectionFlow.DMSReInitiateDocument" tests="1" failures="0" timestamp="2022-05-11T21:44:45 IST" time="74.585" errors="0">
  <testcase name="toDMSReInitiateDocument" time="74.585" classname="com.pss.dms.DMSRejectionFlow.DMSReInitiateDocument"/>
</testsuite> <!-- com.pss.dms.DMSRejectionFlow.DMSReInitiateDocument -->
