<?xml version="1.0" encoding="UTF-8"?>
<!-- Generated by org.testng.reporters.JUnitReportReporter -->
<testsuite skipped="0" hostname="DESKTOP-SKPPPFG" name="com.pss.dms.DMSRejectionFlow.DMSDeptReviewerReject" tests="1" failures="0" timestamp="2022-05-11T21:05:58 IST" time="63.483" errors="0">
  <testcase name="toDMSDeptReviewerRejectSOP" time="63.483" classname="com.pss.dms.DMSRejectionFlow.DMSDeptReviewerReject"/>
</testsuite> <!-- com.pss.dms.DMSRejectionFlow.DMSDeptReviewerReject -->
