<?xml version="1.0" encoding="UTF-8"?>
<!-- Generated by org.testng.reporters.JUnitReportReporter -->
<testsuite skipped="0" hostname="DESKTOP-SKPPPFG" name="com.pss.dms.CCRejectionFlow.QAApproverReject" tests="1" failures="0" timestamp="2022-05-11T21:05:58 IST" time="79.791" errors="0">
  <testcase name="toQAApproveReject" time="79.791" classname="com.pss.dms.CCRejectionFlow.QAApproverReject"/>
</testsuite> <!-- com.pss.dms.CCRejectionFlow.QAApproverReject -->
