<?xml version="1.0" encoding="UTF-8"?>
<!-- Generated by org.testng.reporters.JUnitReportReporter -->
<testsuite skipped="0" hostname="DESKTOP-2TQFBEG" name="com.pss.dms.PropertiesFileUpdate.UpdateURLinPropertiesFile" tests="1" failures="0" timestamp="2022-03-21T18:58:52 IST" time="0.230" errors="0">
  <testcase name="main" time="0.230" classname="com.pss.dms.PropertiesFileUpdate.UpdateURLinPropertiesFile"/>
</testsuite> <!-- com.pss.dms.PropertiesFileUpdate.UpdateURLinPropertiesFile -->
