<?xml version="1.0" encoding="UTF-8"?>
<!-- Generated by org.testng.reporters.JUnitReportReporter -->
<testsuite skipped="0" hostname="DESKTOP-SKPPPFG" name="com.pss.dms.CCRejectionFlow.DeptReviewerApprove" tests="1" failures="0" timestamp="2022-05-11T21:05:58 IST" time="190.114" errors="0">
  <testcase name="toDeptReviewerApprove" time="190.114" classname="com.pss.dms.CCRejectionFlow.DeptReviewerApprove"/>
</testsuite> <!-- com.pss.dms.CCRejectionFlow.DeptReviewerApprove -->
