<?xml version="1.0" encoding="UTF-8"?>
<!-- Generated by org.testng.reporters.JUnitReportReporter -->
<testsuite skipped="0" hostname="DESKTOP-2TQFBEG" name="com.pss.dms.DMSFWD.ChangeDeptReviewer" tests="1" failures="0" timestamp="2022-03-18T19:55:00 IST" time="47.002" errors="0">
  <testcase name="toChangeDeptReviewer" time="47.002" classname="com.pss.dms.DMSFWD.ChangeDeptReviewer"/>
</testsuite> <!-- com.pss.dms.DMSFWD.ChangeDeptReviewer -->
