<?xml version="1.0" encoding="UTF-8"?>
<!-- Generated by org.testng.reporters.JUnitReportReporter -->
<testsuite skipped="0" hostname="DESKTOP-SKPPPFG" name="com.pss.dms.CCRejectionFlow.ReInitiateDocument" tests="2" failures="0" timestamp="2022-05-11T21:05:58 IST" time="151.652" errors="0">
  <testcase name="toReInitiateDocument" time="75.920" classname="com.pss.dms.CCRejectionFlow.ReInitiateDocument"/>
  <testcase name="toReInitiateDocument" time="75.732" classname="com.pss.dms.CCRejectionFlow.ReInitiateDocument"/>
</testsuite> <!-- com.pss.dms.CCRejectionFlow.ReInitiateDocument -->
