<?xml version="1.0" encoding="UTF-8"?>
<!-- Generated by org.testng.reporters.JUnitReportReporter -->
<testsuite skipped="0" hostname="DESKTOP-2TQFBEG" name="com.pss.dms.CCRejectionFlow.PostApprovalActionInitiateChangeDocument" tests="1" failures="0" timestamp="2022-03-18T17:01:10 IST" time="168.404" errors="0">
  <testcase name="toPostApprovalActionInitiateChangeDocument" time="168.404" classname="com.pss.dms.CCRejectionFlow.PostApprovalActionInitiateChangeDocument"/>
</testsuite> <!-- com.pss.dms.CCRejectionFlow.PostApprovalActionInitiateChangeDocument -->
