<?xml version="1.0" encoding="UTF-8"?>
<!-- Generated by org.testng.reporters.JUnitReportReporter -->
<testsuite skipped="0" hostname="DESKTOP-2TQFBEG" name="com.pss.dms.DMSRejectionFlow.ChangeQAApprover" tests="1" failures="0" timestamp="2022-03-18T17:46:02 IST" time="47.941" errors="0">
  <testcase name="toChangeQAApprover" time="47.941" classname="com.pss.dms.DMSRejectionFlow.ChangeQAApprover"/>
</testsuite> <!-- com.pss.dms.DMSRejectionFlow.ChangeQAApprover -->
