<?xml version="1.0" encoding="UTF-8"?>
<!-- Generated by org.testng.reporters.JUnitReportReporter -->
<testsuite skipped="0" hostname="DESKTOP-SKPPPFG" name="com.pss.dms.LMSRejectionFlow.ModifyTrainer" tests="1" failures="0" timestamp="2022-05-11T21:44:45 IST" time="73.091" errors="0">
  <testcase name="toModifyTrainer" time="73.091" classname="com.pss.dms.LMSRejectionFlow.ModifyTrainer"/>
</testsuite> <!-- com.pss.dms.LMSRejectionFlow.ModifyTrainer -->
