<?xml version="1.0" encoding="UTF-8"?>
<!-- Generated by org.testng.reporters.JUnitReportReporter -->
<testsuite skipped="0" hostname="DESKTOP-SKPPPFG" name="com.pss.dms.CCFWD.RegReviewerCC" tests="1" failures="0" timestamp="2022-05-11T11:37:29 IST" time="93.447" errors="0">
  <testcase name="toRegReviewerCC" time="93.447" classname="com.pss.dms.CCFWD.RegReviewerCC"/>
</testsuite> <!-- com.pss.dms.CCFWD.RegReviewerCC -->
