<?xml version="1.0" encoding="UTF-8"?>
<!-- Generated by org.testng.reporters.JUnitReportReporter -->
<testsuite skipped="0" hostname="DESKTOP-SKPPPFG" name="com.pss.dms.DMSFWD.DMSQAApprover" tests="1" failures="0" timestamp="2022-05-11T11:37:29 IST" time="63.159" errors="0">
  <testcase name="toDMSQAApprover" time="63.159" classname="com.pss.dms.DMSFWD.DMSQAApprover"/>
</testsuite> <!-- com.pss.dms.DMSFWD.DMSQAApprover -->
