<?xml version="1.0" encoding="UTF-8"?>
<!-- Generated by org.testng.reporters.JUnitReportReporter -->
<testsuite skipped="0" hostname="DESKTOP-SKPPPFG" name="com.pss.dms.DMSRejectionFlow.DMScftReviewer" tests="2" failures="0" timestamp="2022-05-11T21:44:45 IST" time="64.509" errors="0">
  <testcase name="toDMScftReviewerSOP" time="31.959" classname="com.pss.dms.DMSRejectionFlow.DMScftReviewer"/>
  <testcase name="toDMScftReviewerSOP" time="32.550" classname="com.pss.dms.DMSRejectionFlow.DMScftReviewer"/>
</testsuite> <!-- com.pss.dms.DMSRejectionFlow.DMScftReviewer -->
