<?xml version="1.0" encoding="UTF-8"?>
<!-- Generated by org.testng.reporters.JUnitReportReporter -->
<testsuite skipped="0" hostname="DESKTOP-SKPPPFG" name="com.pss.dms.DMSRejectionFlow.DMSDeptReviewer" tests="1" failures="0" timestamp="2022-05-11T21:44:45 IST" time="35.658" errors="0">
  <testcase name="toDMSDeptReviewerSOP" time="35.658" classname="com.pss.dms.DMSRejectionFlow.DMSDeptReviewer"/>
</testsuite> <!-- com.pss.dms.DMSRejectionFlow.DMSDeptReviewer -->
