<?xml version="1.0" encoding="UTF-8"?>
<!-- Generated by org.testng.reporters.JUnitReportReporter -->
<testsuite skipped="0" hostname="DESKTOP-SKPPPFG" name="com.pss.dms.CCFWD.QAReReviewCC" tests="1" failures="0" timestamp="2022-05-11T11:37:29 IST" time="168.317" errors="0">
  <testcase name="toQAReReviewCC" time="168.317" classname="com.pss.dms.CCFWD.QAReReviewCC"/>
</testsuite> <!-- com.pss.dms.CCFWD.QAReReviewCC -->
