<?xml version="1.0" encoding="UTF-8"?>
<!-- Generated by org.testng.reporters.JUnitReportReporter -->
<testsuite skipped="0" hostname="DESKTOP-SKPPPFG" name="com.pss.dms.CCRejectionFlow.CustomerNotification" tests="2" failures="0" timestamp="2022-05-11T21:05:58 IST" time="143.203" errors="0">
  <testcase name="toReviewCCCustomerNotification" time="71.651" classname="com.pss.dms.CCRejectionFlow.CustomerNotification"/>
  <testcase name="toReviewCCCustomerNotification" time="71.552" classname="com.pss.dms.CCRejectionFlow.CustomerNotification"/>
</testsuite> <!-- com.pss.dms.CCRejectionFlow.CustomerNotification -->
