<?xml version="1.0" encoding="UTF-8"?>
<!-- Generated by org.testng.reporters.JUnitReportReporter -->
<testsuite skipped="0" hostname="DESKTOP-SKPPPFG" name="com.pss.dms.DMSRejectionFlow.DMSQAApprover" tests="2" failures="0" timestamp="2022-05-11T21:44:45 IST" time="116.879" errors="0">
  <testcase name="toDMSQAApprover" time="58.331" classname="com.pss.dms.DMSRejectionFlow.DMSQAApprover"/>
  <testcase name="toDMSQAApprover" time="58.548" classname="com.pss.dms.DMSRejectionFlow.DMSQAApprover"/>
</testsuite> <!-- com.pss.dms.DMSRejectionFlow.DMSQAApprover -->
