<?xml version="1.0" encoding="UTF-8"?>
<!-- Generated by org.testng.reporters.JUnitReportReporter -->
<testsuite skipped="0" hostname="DESKTOP-SKPPPFG" name="com.pss.dms.PropertiesFileUpdate.UpdateDMSProperties" tests="2" failures="0" timestamp="2022-05-11T21:05:58 IST" time="0.334" errors="0">
  <testcase name="ScheduleName" time="0.168" classname="com.pss.dms.PropertiesFileUpdate.UpdateDMSProperties"/>
  <testcase name="NewDocument" time="0.166" classname="com.pss.dms.PropertiesFileUpdate.UpdateDMSProperties"/>
</testsuite> <!-- com.pss.dms.PropertiesFileUpdate.UpdateDMSProperties -->
