<?xml version="1.0" encoding="UTF-8"?>
<!-- Generated by org.testng.reporters.JUnitReportReporter -->
<testsuite skipped="0" hostname="DESKTOP-SKPPPFG" name="com.pss.dms.CCRejectionFlow.RegReviewerApprove" tests="2" failures="0" timestamp="2022-05-11T21:05:58 IST" time="121.116" errors="0">
  <testcase name="toRegReviewerApprove" time="61.333" classname="com.pss.dms.CCRejectionFlow.RegReviewerApprove"/>
  <testcase name="toRegReviewerApprove" time="59.783" classname="com.pss.dms.CCRejectionFlow.RegReviewerApprove"/>
</testsuite> <!-- com.pss.dms.CCRejectionFlow.RegReviewerApprove -->
