<?xml version="1.0" encoding="UTF-8"?>
<!-- Generated by org.testng.reporters.JUnitReportReporter -->
<testsuite skipped="0" hostname="DESKTOP-2TQFBEG" name="com.pss.dms.LMSRejectionFlow.MyTrainings" tests="1" failures="0" timestamp="2022-03-18T15:13:13 IST" time="64.468" errors="0">
  <testcase name="toMyTrainings" time="64.468" classname="com.pss.dms.LMSRejectionFlow.MyTrainings"/>
</testsuite> <!-- com.pss.dms.LMSRejectionFlow.MyTrainings -->
