<?xml version="1.0" encoding="UTF-8"?>
<!-- Generated by org.testng.reporters.JUnitReportReporter -->
<testsuite skipped="0" hostname="DESKTOP-SKPPPFG" name="com.pss.dms.DMSRejectionFlow.DMSQAReviewer" tests="2" failures="0" timestamp="2022-05-11T21:44:45 IST" time="99.335" errors="0">
  <testcase name="toDMSQAReviewerSOP" time="50.050" classname="com.pss.dms.DMSRejectionFlow.DMSQAReviewer"/>
  <testcase name="toDMSQAReviewerSOP" time="49.285" classname="com.pss.dms.DMSRejectionFlow.DMSQAReviewer"/>
</testsuite> <!-- com.pss.dms.DMSRejectionFlow.DMSQAReviewer -->
