<?xml version="1.0" encoding="UTF-8"?>
<!-- Generated by org.testng.reporters.JUnitReportReporter -->
<testsuite skipped="0" hostname="DESKTOP-SKPPPFG" name="com.pss.dms.CCRejectionFlow.DeptReviewerReject" tests="1" failures="0" timestamp="2022-05-11T21:05:58 IST" time="65.297" errors="0">
  <testcase name="toDeptReviewerReject" time="65.297" classname="com.pss.dms.CCRejectionFlow.DeptReviewerReject"/>
</testsuite> <!-- com.pss.dms.CCRejectionFlow.DeptReviewerReject -->
