<?xml version="1.0" encoding="UTF-8"?>
<!-- Generated by org.testng.reporters.JUnitReportReporter -->
<testsuite skipped="0" hostname="DESKTOP-SKPPPFG" name="com.pss.dms.CCFWD.ActionItemApprove" tests="1" failures="0" timestamp="2022-05-11T11:37:29 IST" time="60.508" errors="0">
  <testcase name="toActionItemApprove" time="60.508" classname="com.pss.dms.CCFWD.ActionItemApprove"/>
</testsuite> <!-- com.pss.dms.CCFWD.ActionItemApprove -->
