<?xml version="1.0" encoding="UTF-8"?>
<!-- Generated by org.testng.reporters.JUnitReportReporter -->
<testsuite skipped="0" hostname="DESKTOP-SKPPPFG" name="com.pss.dms.CCRejectionFlow.CFTReviewApprove" tests="3" failures="0" timestamp="2022-05-11T21:05:58 IST" time="187.071" errors="0">
  <testcase name="toCFTReviewApprove" time="61.945" classname="com.pss.dms.CCRejectionFlow.CFTReviewApprove"/>
  <testcase name="toCFTReviewApprove" time="62.727" classname="com.pss.dms.CCRejectionFlow.CFTReviewApprove"/>
  <testcase name="toCFTReviewApprove" time="62.399" classname="com.pss.dms.CCRejectionFlow.CFTReviewApprove"/>
</testsuite> <!-- com.pss.dms.CCRejectionFlow.CFTReviewApprove -->
