<?xml version="1.0" encoding="UTF-8"?>
<!-- Generated by org.testng.reporters.JUnitReportReporter -->
<testsuite skipped="0" hostname="DESKTOP-SKPPPFG" name="com.pss.dms.LMSRejectionFlow.AdhocScheduleRevert" tests="1" failures="0" timestamp="2022-05-11T21:44:45 IST" time="37.602" errors="0">
  <testcase name="toAdhocScheduleRevert" time="37.602" classname="com.pss.dms.LMSRejectionFlow.AdhocScheduleRevert"/>
</testsuite> <!-- com.pss.dms.LMSRejectionFlow.AdhocScheduleRevert -->
