<?xml version="1.0" encoding="UTF-8"?>
<!-- Generated by org.testng.reporters.JUnitReportReporter -->
<testsuite skipped="0" hostname="DESKTOP-SKPPPFG" name="com.pss.dms.DMSRejectionFlow.DMSTrainingNotificatiomList" tests="1" failures="0" timestamp="2022-05-11T21:44:45 IST" time="50.332" errors="0">
  <testcase name="toDMSTrainingNotificationList" time="50.332" classname="com.pss.dms.DMSRejectionFlow.DMSTrainingNotificatiomList"/>
</testsuite> <!-- com.pss.dms.DMSRejectionFlow.DMSTrainingNotificatiomList -->
