<?xml version="1.0" encoding="UTF-8"?>
<!-- Generated by org.testng.reporters.JUnitReportReporter -->
<testsuite skipped="0" hostname="DESKTOP-2TQFBEG" name="com.pss.dms.DMSRejectionFlow.ChangeQAApproverReject" tests="1" failures="0" timestamp="2022-03-18T17:46:02 IST" time="67.897" errors="0">
  <testcase name="toChangeQAApproverReject" time="67.897" classname="com.pss.dms.DMSRejectionFlow.ChangeQAApproverReject"/>
</testsuite> <!-- com.pss.dms.DMSRejectionFlow.ChangeQAApproverReject -->
