<?xml version="1.0" encoding="UTF-8"?>
<!-- Generated by org.testng.reporters.JUnitReportReporter -->
<testsuite skipped="0" hostname="DESKTOP-SKPPPFG" name="com.pss.dms.CCRejectionFlow.PostApprovalActionReviewApprove" tests="2" failures="0" timestamp="2022-05-11T21:05:58 IST" time="231.490" errors="0">
  <testcase name="toPostApprovalActionReviewApprove" time="115.851" classname="com.pss.dms.CCRejectionFlow.PostApprovalActionReviewApprove"/>
  <testcase name="toPostApprovalActionReviewApprove" time="115.639" classname="com.pss.dms.CCRejectionFlow.PostApprovalActionReviewApprove"/>
</testsuite> <!-- com.pss.dms.CCRejectionFlow.PostApprovalActionReviewApprove -->
