<?xml version="1.0" encoding="UTF-8"?>
<!-- Generated by org.testng.reporters.JUnitReportReporter -->
<testsuite skipped="0" hostname="DESKTOP-SKPPPFG" name="com.pss.dms.LMSFWD.QuestionPaper" tests="1" failures="0" timestamp="2022-05-11T11:37:29 IST" time="48.597" errors="0">
  <testcase name="toQuestionPaper" time="48.597" classname="com.pss.dms.LMSFWD.QuestionPaper"/>
</testsuite> <!-- com.pss.dms.LMSFWD.QuestionPaper -->
