<?xml version="1.0" encoding="UTF-8"?>
<!-- Generated by org.testng.reporters.JUnitReportReporter -->
<testsuite skipped="0" hostname="DESKTOP-SKPPPFG" name="com.pss.dms.CCRejectionFlow.CCInitiation" tests="1" failures="0" timestamp="2022-05-11T21:05:58 IST" time="352.778" errors="0">
  <testcase name="toCCInitiation" time="352.778" classname="com.pss.dms.CCRejectionFlow.CCInitiation"/>
</testsuite> <!-- com.pss.dms.CCRejectionFlow.CCInitiation -->
