<?xml version="1.0" encoding="UTF-8"?>
<!-- Generated by org.testng.reporters.JUnitReportReporter -->
<testsuite skipped="0" hostname="DESKTOP-SKPPPFG" name="com.pss.dms.LMSFWD.NotifyDocController" tests="1" failures="0" timestamp="2022-05-11T11:37:29 IST" time="69.389" errors="0">
  <testcase name="toNotifyDocController" time="69.389" classname="com.pss.dms.LMSFWD.NotifyDocController"/>
</testsuite> <!-- com.pss.dms.LMSFWD.NotifyDocController -->
