<?xml version="1.0" encoding="UTF-8"?>
<!-- Generated by org.testng.reporters.JUnitReportReporter -->
<testsuite skipped="0" hostname="DESKTOP-SKPPPFG" name="com.pss.dms.DMSRejectionFlow.DMSQAReviewerReject" tests="1" failures="0" timestamp="2022-05-11T21:05:58 IST" time="73.291" errors="0">
  <testcase name="toDMSQAReviewerReject" time="73.291" classname="com.pss.dms.DMSRejectionFlow.DMSQAReviewerReject"/>
</testsuite> <!-- com.pss.dms.DMSRejectionFlow.DMSQAReviewerReject -->
