<?xml version="1.0" encoding="UTF-8"?>
<!-- Generated by org.testng.reporters.JUnitReportReporter -->
<testsuite skipped="0" hostname="DESKTOP-SKPPPFG" name="com.pss.dms.DMSRejectionFlow.DMSNewDocumentInitiate" tests="1" failures="0" timestamp="2022-05-11T21:05:58 IST" time="276.698" errors="0">
  <testcase name="toDMSNewDocumentInitiateSOP" time="276.698" classname="com.pss.dms.DMSRejectionFlow.DMSNewDocumentInitiate"/>
</testsuite> <!-- com.pss.dms.DMSRejectionFlow.DMSNewDocumentInitiate -->
