<?xml version="1.0" encoding="UTF-8"?>
<!-- Generated by org.testng.reporters.JUnitReportReporter -->
<testsuite skipped="0" hostname="DESKTOP-2TQFBEG" name="com.pss.dms.DMSFWD.TerminateQAApprover" tests="1" failures="0" timestamp="2022-03-18T19:43:29 IST" time="46.499" errors="0">
  <testcase name="toTerminateQAApprover" time="46.499" classname="com.pss.dms.DMSFWD.TerminateQAApprover"/>
</testsuite> <!-- com.pss.dms.DMSFWD.TerminateQAApprover -->
