<?xml version="1.0" encoding="UTF-8"?>
<!-- Generated by org.testng.reporters.JUnitReportReporter -->
<testsuite skipped="0" hostname="DESKTOP-2TQFBEG" name="com.pss.dms.DMSFWD.ChangeTrainingCompletedList" tests="1" failures="0" timestamp="2022-03-18T21:04:50 IST" time="69.892" errors="0">
  <testcase name="toChangeTrainingCompletedList" time="69.892" classname="com.pss.dms.DMSFWD.ChangeTrainingCompletedList"/>
</testsuite> <!-- com.pss.dms.DMSFWD.ChangeTrainingCompletedList -->
